<?xml version="1.0" encoding="UTF-8"?>
<!-- Generated by org.testng.reporters.JUnitReportReporter -->
<testsuite skipped="0" hostname="Uzer" name="VerifyMovieDetails" tests="3" failures="0" timestamp="2022-07-29T01:17:53 IST" time="34.397" errors="0">
  <testcase name="GetMovieDetailsFromIMDB" time="22.496" classname="VerifyMovieDetails"/>
  <testcase name="GetMovieDetailsFromWiki" time="9.621" classname="VerifyMovieDetails"/>
  <testcase name="VerifyTheDetails" time="2.280" classname="VerifyMovieDetails"/>
</testsuite> <!-- VerifyMovieDetails -->
